<?xml version="1.0" encoding="UTF-8"?>
<testsuite name="ExamTest" tests="28" skipped="0" failures="0" errors="0" timestamp="2023-02-23T08:55:34" hostname="NPC" time="15.127">
  <properties/>
  <testcase name="Latihan 1" classname="ExamTest" time="0.04"/>
  <testcase name="Latihan 1" classname="ExamTest" time="0.001"/>
  <testcase name="Latihan 1" classname="ExamTest" time="0.001"/>
  <testcase name="Latihan 1" classname="ExamTest" time="0.001"/>
  <testcase name="Latihan 1" classname="ExamTest" time="0.001"/>
  <testcase name="Latihan 1" classname="ExamTest" time="0.001"/>
  <testcase name="Latihan 1" classname="ExamTest" time="0.001"/>
  <testcase name="Latihan 1" classname="ExamTest" time="0.001"/>
  <testcase name="Latihan 1" classname="ExamTest" time="0.001"/>
  <testcase name="Latihan 1" classname="ExamTest" time="0.001"/>
  <testcase name="Latihan 2" classname="ExamTest" time="0.002"/>
  <testcase name="Latihan 2" classname="ExamTest" time="0.002"/>
  <testcase name="Latihan 2" classname="ExamTest" time="0.001"/>
  <testcase name="Latihan 3" classname="ExamTest" time="0.002"/>
  <testcase name="Latihan 3" classname="ExamTest" time="0.002"/>
  <testcase name="Latihan 3" classname="ExamTest" time="0.001"/>
  <testcase name="Latihan 3" classname="ExamTest" time="0.001"/>
  <testcase name="Latihan 3" classname="ExamTest" time="0.001"/>
  <testcase name="Latihan 4" classname="ExamTest" time="0.004"/>
  <testcase name="Latihan 4" classname="ExamTest" time="0.001"/>
  <testcase name="Latihan 4" classname="ExamTest" time="0.001"/>
  <testcase name="Latihan 4" classname="ExamTest" time="0.001"/>
  <testcase name="Latihan 5" classname="ExamTest" time="3.007"/>
  <testcase name="Latihan 5" classname="ExamTest" time="3.008"/>
  <testcase name="Latihan 5" classname="ExamTest" time="3.005"/>
  <testcase name="Latihan 5" classname="ExamTest" time="2.005"/>
  <testcase name="Latihan 5" classname="ExamTest" time="2.007"/>
  <testcase name="Latihan 5" classname="ExamTest" time="2.006"/>
  <system-out><![CDATA[]]></system-out>
  <system-err><![CDATA[]]></system-err>
</testsuite>
